<?xml version="1.0" encoding="UTF-8"?>
<testng-results skipped="0" failed="0" total="1" passed="1">
  <reporter-output>
  </reporter-output>
  <suite name="Command line suite" duration-ms="804" started-at="2017-08-22T10:50:02Z" finished-at="2017-08-22T10:50:03Z">
    <groups>
    </groups>
    <test name="Command line test" duration-ms="804" started-at="2017-08-22T10:50:02Z" finished-at="2017-08-22T10:50:03Z">
      <class name="testcase.TestQuery">
        <test-method status="PASS" signature="test1(java.lang.String, java.lang.String, java.lang.String, java.lang.String, java.lang.String, java.lang.String, java.lang.String, java.lang.String, java.lang.String, java.lang.String, java.lang.String, java.lang.String)[pri:0, instance:testcase.TestQuery@66c5c0e5]" name="test1" duration-ms="767" started-at="2017-08-22T18:50:02Z" data-provider="dp" finished-at="2017-08-22T18:50:03Z">
          <params>
            <param index="0">
              <value>
                <![CDATA[成功]]>
              </value>
            </param>
            <param index="1">
              <value>
                <![CDATA[10012555213]]>
              </value>
            </param>
            <param index="2">
              <value>
                <![CDATA[10014882280]]>
              </value>
            </param>
            <param index="3">
              <value>
                <![CDATA[]]>
              </value>
            </param>
            <param index="4">
              <value>
                <![CDATA[]]>
              </value>
            </param>
            <param index="5">
              <value>
                <![CDATA[]]>
              </value>
            </param>
            <param index="6">
              <value>
                <![CDATA[3]]>
              </value>
            </param>
            <param index="7">
              <value>
                <![CDATA[]]>
              </value>
            </param>
            <param index="8">
              <value>
                <![CDATA[]]>
              </value>
            </param>
            <param index="9">
              <value>
                <![CDATA[]]>
              </value>
            </param>
            <param index="10">
              <value>
                <![CDATA[]]>
              </value>
            </param>
            <param index="11">
              <value>
                <![CDATA[http://10.151.30.4:8057/skb-app/transferQuery.action]]>
              </value>
            </param>
          </params>
          <reporter-output>
          </reporter-output>
        </test-method> <!-- test1 -->
      </class> <!-- testcase.TestQuery -->
    </test> <!-- Command line test -->
  </suite> <!-- Command line suite -->
</testng-results>
